<?xml version="1.0" encoding="UTF-8"?>
<!-- Generated by org.testng.reporters.JUnitReportReporter -->
<testsuite hostname="DESKTOP-E3FMKFP" failures="0" tests="1" name="com.db.testLayer.LoginPageTest" time="21.049" errors="0" timestamp="2022-11-21T19:57:13 IST" skipped="0">
  <testcase classname="com.db.testLayer.LoginPageTest" name="VerfiyLoginTest" time="21.049"/>
  <system-out/>
</testsuite> <!-- com.db.testLayer.LoginPageTest -->
