<?xml version="1.0" encoding="UTF-8"?>
<!-- Generated by org.testng.reporters.JUnitReportReporter -->
<testsuite hostname="DESKTOP-E3FMKFP" failures="0" tests="1" name="com.sd.testLayer.ProductsPageTest" time="14.981" errors="0" timestamp="2022-11-22T18:28:51 IST" skipped="0">
  <testcase classname="com.sd.testLayer.ProductsPageTest" name="verifyproductsTest" time="14.981"/>
  <system-out/>
</testsuite> <!-- com.sd.testLayer.ProductsPageTest -->
