<?xml version="1.0" encoding="UTF-8"?>
<!-- Generated by org.testng.reporters.JUnitReportReporter -->
<testsuite hostname="DESKTOP-E3FMKFP" failures="0" tests="1" name="com.sd.testLayer.YourCartTest" time="17.156" errors="0" timestamp="2022-11-22T18:52:07 IST" skipped="0">
  <testcase classname="com.sd.testLayer.YourCartTest" name="Verifyyourcart" time="17.156"/>
  <system-out/>
</testsuite> <!-- com.sd.testLayer.YourCartTest -->
