<?xml version="1.0" encoding="UTF-8"?>
<!-- Generated by org.testng.reporters.JUnitReportReporter -->
<testsuite hostname="DESKTOP-E3FMKFP" failures="0" tests="1" name="com.db.testLayer.AddToCartTest" time="57.505" errors="0" timestamp="2022-11-21T21:22:52 IST" skipped="0">
  <testcase classname="com.db.testLayer.AddToCartTest" name="VerifyAddToCart" time="57.505"/>
  <system-out/>
</testsuite> <!-- com.db.testLayer.AddToCartTest -->
