<?xml version="1.0" encoding="UTF-8"?>
<!-- Generated by org.testng.reporters.JUnitReportReporter -->
<testsuite hostname="DESKTOP-E3FMKFP" failures="0" tests="1" name="com.db.testLayer.HomePageTest" time="15.434" errors="0" timestamp="2022-11-21T19:30:52 IST" skipped="0">
  <testcase classname="com.db.testLayer.HomePageTest" name="verifyLoginTest" time="15.434"/>
  <system-out/>
</testsuite> <!-- com.db.testLayer.HomePageTest -->
