<?xml version="1.0" encoding="UTF-8"?>
<!-- Generated by org.testng.reporters.JUnitReportReporter -->
<testsuite hostname="DESKTOP-E3FMKFP" failures="0" tests="1" name="com.sd.testLayer.CheckoutPageTest" time="35.903" errors="0" timestamp="2022-11-22T19:32:05 IST" skipped="0">
  <testcase classname="com.sd.testLayer.CheckoutPageTest" name="VerifyCheckOutPage" time="35.903"/>
  <system-out/>
</testsuite> <!-- com.sd.testLayer.CheckoutPageTest -->
