<?xml version="1.0" encoding="UTF-8"?>
<!-- Generated by org.testng.reporters.JUnitReportReporter -->
<testsuite hostname="DESKTOP-E3FMKFP" failures="0" tests="1" name="com.sd.testLayer.LoginPageTest" time="11.501" errors="0" timestamp="2022-11-22T15:00:15 IST" skipped="0">
  <testcase classname="com.sd.testLayer.LoginPageTest" name="verifyLoginTest" time="11.501"/>
  <system-out/>
</testsuite> <!-- com.sd.testLayer.LoginPageTest -->
